0 silly argv {
0 silly argv   _: [ 'publish' ],
0 silly argv   composed: 'publish',
0 silly argv   lernaVersion: '3.22.1',
0 silly argv   '$0': '/Users/ah/SVN-Checkouts/DEV/macos-jxa-bundler/node_modules/.bin/lerna'
0 silly argv }
1 notice cli v3.22.1
2 verbose rootPath /Users/ah/SVN-Checkouts/DEV/macos-jxa-bundler
3 info versioning independent
4 verbose session e36f0d35f391bc69
5 verbose user-agent lerna/3.22.1/node@v15.9.0+x64 (darwin)
6 warn Yarn's registry proxy is broken, replacing with public npm registry
7 warn If you don't have an npm token, you should exit and run `npm login`
8 silly argv { _: [ 'publish' ], composed: 'publish', lernaVersion: '3.22.1' }
9 verbose rootPath /Users/ah/SVN-Checkouts/DEV/macos-jxa-bundler
10 silly isAnythingCommitted
11 verbose isAnythingCommitted 1
12 silly currentBranch
13 verbose currentBranch main
14 silly remoteBranchExists
15 silly isBehindUpstream
16 silly isBehindUpstream main is behind origin/main by 0 commit(s) and ahead by 1
17 silly hasTags
18 verbose hasTags true
19 silly git-describe.sync "cjxa-scripts@0.0.2-1-g8686149" => {"lastTagName":"cjxa-scripts@0.0.2","lastVersion":"0.0.2","refCount":"1","sha":"8686149","isDirty":false}
20 info Looking for changed packages since cjxa-scripts@0.0.2
21 silly checking diff packages/cjxa-scripts
22 silly found diff in packages/cjxa-scripts/LICENSE.txt
22 silly found diff in packages/cjxa-scripts/package.json
23 verbose filtered diff [
23 verbose filtered diff   'packages/cjxa-scripts/LICENSE.txt',
23 verbose filtered diff   'packages/cjxa-scripts/package.json'
23 verbose filtered diff ]
24 silly checking diff packages/cjxa-template
25 silly found diff in packages/cjxa-template/LICENSE.txt
25 silly found diff in packages/cjxa-template/package.json
26 verbose filtered diff [
26 verbose filtered diff   'packages/cjxa-template/LICENSE.txt',
26 verbose filtered diff   'packages/cjxa-template/package.json'
26 verbose filtered diff ]
27 silly checking diff packages/create-jxa-app
28 silly found diff in packages/create-jxa-app/LICENSE.txt
28 silly found diff in packages/create-jxa-app/dist/cli.js
28 silly found diff in packages/create-jxa-app/package.json
29 verbose filtered diff [
29 verbose filtered diff   'packages/create-jxa-app/LICENSE.txt',
29 verbose filtered diff   'packages/create-jxa-app/dist/cli.js',
29 verbose filtered diff   'packages/create-jxa-app/package.json'
29 verbose filtered diff ]
30 silly checking diff packages/jxabundler
31 silly found diff in packages/jxabundler/package.json
32 verbose filtered diff [ 'packages/jxabundler/package.json' ]
33 verbose updated cjxa-scripts
34 verbose updated cjxa-template
35 verbose updated create-jxa-app
36 verbose updated jxabundler
37 verbose git-describe undefined => "cjxa-scripts@0.0.2-1-g8686149"
38 silly git-describe parsed => {"lastTagName":"cjxa-scripts@0.0.2","lastVersion":"0.0.2","refCount":"1","sha":"8686149","isDirty":false}
39 info execute Skipping releases
40 silly lifecycle No script for "preversion" in "macos-jxa-bundler", continuing
41 silly lifecycle No script for "preversion" in "cjxa-scripts", continuing
42 silly lifecycle No script for "preversion" in "cjxa-template", continuing
43 silly lifecycle No script for "preversion" in "create-jxa-app", continuing
44 silly lifecycle No script for "preversion" in "jxabundler", continuing
45 silly lifecycle No script for "version" in "jxabundler", continuing
46 silly lifecycle No script for "version" in "cjxa-scripts", continuing
47 silly lifecycle No script for "version" in "cjxa-template", continuing
48 silly lifecycle No script for "version" in "create-jxa-app", continuing
49 silly lifecycle No script for "version" in "macos-jxa-bundler", continuing
50 silly gitAdd [
50 silly gitAdd   'packages/jxabundler/package.json',
50 silly gitAdd   'packages/cjxa-scripts/package.json',
50 silly gitAdd   'packages/cjxa-template/package.json',
50 silly gitAdd   'packages/create-jxa-app/package.json'
50 silly gitAdd ]
51 silly gitCommit Publish
51 silly gitCommit
51 silly gitCommit  - cjxa-scripts@0.0.3
51 silly gitCommit  - cjxa-template@0.0.3
51 silly gitCommit  - create-jxa-app@0.0.3
51 silly gitCommit  - jxabundler@1.0.5-alpha.0
52 verbose git [
52 verbose git   'commit',
52 verbose git   '-F',
52 verbose git   '/private/var/folders/zw/phkcp7vx7d1697zkc8xwh69w0000gn/T/9263fee8-dfdc-49ac-b38d-2bd1c23c2907/lerna-commit.txt'
52 verbose git ]
53 silly gitTag cjxa-scripts@0.0.3
54 verbose git [ 'tag', 'cjxa-scripts@0.0.3', '-m', 'cjxa-scripts@0.0.3' ]
55 silly gitTag cjxa-template@0.0.3
56 verbose git [ 'tag', 'cjxa-template@0.0.3', '-m', 'cjxa-template@0.0.3' ]
57 silly gitTag create-jxa-app@0.0.3
58 verbose git [ 'tag', 'create-jxa-app@0.0.3', '-m', 'create-jxa-app@0.0.3' ]
59 silly gitTag jxabundler@1.0.5-alpha.0
60 verbose git [ 'tag', 'jxabundler@1.0.5-alpha.0', '-m', 'jxabundler@1.0.5-alpha.0' ]
61 silly lifecycle No script for "postversion" in "cjxa-scripts", continuing
62 silly lifecycle No script for "postversion" in "cjxa-template", continuing
63 silly lifecycle No script for "postversion" in "create-jxa-app", continuing
64 silly lifecycle No script for "postversion" in "jxabundler", continuing
65 silly lifecycle No script for "postversion" in "macos-jxa-bundler", continuing
66 info git Pushing tags...
67 silly gitPush origin main
68 info publish Publishing packages to npm...
69 info Verifying npm credentials
70 verbose Retrieving npm user profile
71 http fetch GET 200 https://registry.npmjs.org/-/npm/v1/user 583ms
72 silly npm profile get received {"tfa":false,"name":"aheissenberger","email":"andreas@heissenberger.at","email_verified":true,"created":"2015-02-26T01:25:14.718Z","updated":"2021-02-04T21:09:26.242Z","cidr_whitelist":null,"fullname":"","homepage":"","freenode":"","twitter":"","github":""}
73 silly get npm username received {"username":"aheissenberger","tfa":false,"name":"aheissenberger","email":"andreas@heissenberger.at","email_verified":true,"created":"2015-02-26T01:25:14.718Z","updated":"2021-02-04T21:09:26.242Z","cidr_whitelist":null,"fullname":"","homepage":"","freenode":"","twitter":"","github":""}
74 silly verifyNpmPackageAccess
75 http fetch GET 200 https://registry.npmjs.org/-/org/aheissenberger/package?format=cli 280ms
76 info Checking two-factor auth mode
77 verbose Retrieving npm user profile
78 http fetch GET 200 https://registry.npmjs.org/-/npm/v1/user 261ms
79 silly npm profile get received {"tfa":false,"name":"aheissenberger","email":"andreas@heissenberger.at","email_verified":true,"created":"2015-02-26T01:25:14.718Z","updated":"2021-02-04T21:09:26.242Z","cidr_whitelist":null,"fullname":"","homepage":"","freenode":"","twitter":"","github":""}
80 silly 2FA false
81 silly getCurrentSHA
82 verbose getCurrentSHA 323f17b15e6aee80ceb821c426b6e6f8264c7031
83 silly lifecycle No script for "prepublish" in "macos-jxa-bundler", continuing
84 silly lifecycle No script for "prepare" in "macos-jxa-bundler", continuing
85 silly lifecycle No script for "prepublishOnly" in "macos-jxa-bundler", continuing
86 silly lifecycle No script for "prepack" in "macos-jxa-bundler", continuing
87 verbose pack-directory packages/cjxa-scripts
88 verbose pack-directory packages/cjxa-template
89 verbose pack-directory packages/create-jxa-app
90 verbose pack-directory packages/jxabundler
91 silly lifecycle No script for "prepublish" in "cjxa-scripts", continuing
92 silly lifecycle No script for "prepublish" in "cjxa-template", continuing
93 silly lifecycle No script for "prepublish" in "create-jxa-app", continuing
94 silly lifecycle No script for "prepublish" in "jxabundler", continuing
95 silly lifecycle No script for "prepare" in "cjxa-scripts", continuing
96 silly lifecycle No script for "prepare" in "cjxa-template", continuing
97 silly lifecycle No script for "prepare" in "create-jxa-app", continuing
98 silly lifecycle No script for "prepare" in "jxabundler", continuing
99 silly lifecycle No script for "prepublishOnly" in "cjxa-scripts", continuing
100 silly lifecycle No script for "prepublishOnly" in "cjxa-template", continuing
101 silly lifecycle "prepublishOnly" starting in "create-jxa-app"
102 info lifecycle create-jxa-app@0.0.3~prepublishOnly: create-jxa-app@0.0.3
103 silly lifecycle "prepublishOnly" starting in "jxabundler"
104 info lifecycle jxabundler@1.0.5-alpha.0~prepublishOnly: jxabundler@1.0.5-alpha.0
105 warn lifecycle The node binary used for scripts is /var/folders/zw/phkcp7vx7d1697zkc8xwh69w0000gn/T/yarn--1614065098988-0.3380433082202521/node but npm is using /usr/local/Cellar/node/15.9.0/bin/node itself. Use the `--scripts-prepend-node-path` option to include the path for the node binary npm was executed with.
106 verbose lifecycle create-jxa-app@0.0.3~prepublishOnly: unsafe-perm in lifecycle true
107 verbose lifecycle create-jxa-app@0.0.3~prepublishOnly: PATH: /Users/ah/SVN-Checkouts/DEV/macos-jxa-bundler/node_modules/npm-lifecycle/node-gyp-bin:/Users/ah/SVN-Checkouts/DEV/macos-jxa-bundler/packages/create-jxa-app/node_modules/.bin:/var/folders/zw/phkcp7vx7d1697zkc8xwh69w0000gn/T/yarn--1614065098988-0.3380433082202521:/Users/ah/SVN-Checkouts/DEV/macos-jxa-bundler/node_modules/.bin:/Users/ah/.config/yarn/link/node_modules/.bin:/Users/ah/SVN-Checkouts/DEV/macos-jxa-bundler/node_modules/.bin:/usr/local/Cellar/node/15.9.0/libexec/lib/node_modules/npm/bin/node-gyp-bin:/usr/local/Cellar/node/15.9.0/lib/node_modules/npm/bin/node-gyp-bin:/usr/local/Cellar/node/15.9.0/bin/node_modules/npm/bin/node-gyp-bin:/usr/local/bin:/usr/bin:/bin:/usr/sbin:/sbin
108 verbose lifecycle create-jxa-app@0.0.3~prepublishOnly: CWD: /Users/ah/SVN-Checkouts/DEV/macos-jxa-bundler/packages/create-jxa-app
109 silly lifecycle create-jxa-app@0.0.3~prepublishOnly: Args: [
109 silly lifecycle   '-c',
109 silly lifecycle   'yarn microbundle -i src/index.js -o dist/cli.js -f cjs --target node --compress --no-sourcemap'
109 silly lifecycle ]
110 silly lifecycle No script for "prepack" in "cjxa-scripts", continuing
111 silly lifecycle No script for "prepack" in "cjxa-template", continuing
112 silly lifecycle No script for "postpack" in "cjxa-scripts", continuing
113 verbose packed packages/cjxa-scripts
114 silly lifecycle No script for "postpack" in "cjxa-template", continuing
115 verbose packed packages/cjxa-template
116 silly lifecycle create-jxa-app@0.0.3~prepublishOnly: Returned: code: 0  signal: null
117 verbose lifecycle jxabundler@1.0.5-alpha.0~prepublishOnly: unsafe-perm in lifecycle true
118 verbose lifecycle jxabundler@1.0.5-alpha.0~prepublishOnly: PATH: /Users/ah/SVN-Checkouts/DEV/macos-jxa-bundler/node_modules/npm-lifecycle/node-gyp-bin:/Users/ah/SVN-Checkouts/DEV/macos-jxa-bundler/packages/jxabundler/node_modules/.bin:/var/folders/zw/phkcp7vx7d1697zkc8xwh69w0000gn/T/yarn--1614065098988-0.3380433082202521:/Users/ah/SVN-Checkouts/DEV/macos-jxa-bundler/node_modules/.bin:/Users/ah/.config/yarn/link/node_modules/.bin:/Users/ah/SVN-Checkouts/DEV/macos-jxa-bundler/node_modules/.bin:/usr/local/Cellar/node/15.9.0/libexec/lib/node_modules/npm/bin/node-gyp-bin:/usr/local/Cellar/node/15.9.0/lib/node_modules/npm/bin/node-gyp-bin:/usr/local/Cellar/node/15.9.0/bin/node_modules/npm/bin/node-gyp-bin:/usr/local/bin:/usr/bin:/bin:/usr/sbin:/sbin
119 verbose lifecycle jxabundler@1.0.5-alpha.0~prepublishOnly: CWD: /Users/ah/SVN-Checkouts/DEV/macos-jxa-bundler/packages/jxabundler
120 silly lifecycle jxabundler@1.0.5-alpha.0~prepublishOnly: Args: [
120 silly lifecycle   '-c',
120 silly lifecycle   'microbundle -i src/cli.js -o dist/cli.js -f cjs --target node --compress --no-sourcemap'
120 silly lifecycle ]
121 silly lifecycle "prepublishOnly" finished in "create-jxa-app"
122 silly lifecycle No script for "prepack" in "create-jxa-app", continuing
123 error
